mode: set
github.com/IsaqueAmorim/noteflow/cmd/main.go:7.13,9.2 1 1
github.com/IsaqueAmorim/noteflow/internal/domain/notification/notification.go:11.38,13.2 1 1
github.com/IsaqueAmorim/noteflow/internal/domain/notification/notification.go:15.44,17.2 1 1
github.com/IsaqueAmorim/noteflow/internal/domain/notification/notification.go:19.41,21.2 1 1
github.com/IsaqueAmorim/noteflow/internal/domain/notification/notification.go:23.40,26.33 2 1
github.com/IsaqueAmorim/noteflow/internal/domain/notification/notification.go:26.33,28.3 1 1
github.com/IsaqueAmorim/noteflow/internal/domain/notification/notification.go:30.2,30.12 1 1
github.com/IsaqueAmorim/noteflow/internal/domain/notification/notification.go:33.42,35.2 1 1
github.com/IsaqueAmorim/noteflow/internal/domain/notification/notification.go:37.41,39.2 1 1
github.com/IsaqueAmorim/noteflow/internal/domain/notification/notification.go:41.58,42.42 1 1
github.com/IsaqueAmorim/noteflow/internal/domain/notification/notification.go:42.42,44.3 1 1
github.com/IsaqueAmorim/noteflow/internal/domain/notification/notification.go:47.32,49.2 1 1
github.com/IsaqueAmorim/noteflow/internal/domain/user/value-objects/email.entity.go:15.38,18.19 2 0
github.com/IsaqueAmorim/noteflow/internal/domain/user/value-objects/email.entity.go:18.19,20.3 1 0
github.com/IsaqueAmorim/noteflow/internal/domain/user/value-objects/email.entity.go:22.2,23.46 2 0
github.com/IsaqueAmorim/noteflow/internal/domain/user/value-objects/email.entity.go:23.46,25.3 1 0
github.com/IsaqueAmorim/noteflow/internal/domain/user/value-objects/email.entity.go:27.2,31.38 4 0
github.com/IsaqueAmorim/noteflow/internal/domain/user/value-objects/email.entity.go:31.38,33.3 1 0
github.com/IsaqueAmorim/noteflow/internal/domain/user/value-objects/email.entity.go:35.2,35.20 1 0
github.com/IsaqueAmorim/noteflow/internal/domain/user/value-objects/email.entity.go:35.20,37.3 1 0
github.com/IsaqueAmorim/noteflow/internal/domain/user/value-objects/email.entity.go:39.2,39.55 1 0
github.com/IsaqueAmorim/noteflow/internal/domain/user/value-objects/email.entity.go:39.55,41.3 1 0
github.com/IsaqueAmorim/noteflow/internal/domain/user/value-objects/email.entity.go:43.2,48.3 1 0
github.com/IsaqueAmorim/noteflow/internal/domain/user/value-objects/email.entity.go:51.28,52.14 1 0
github.com/IsaqueAmorim/noteflow/internal/domain/user/value-objects/email.entity.go:52.14,54.3 1 0
github.com/IsaqueAmorim/noteflow/internal/domain/user/value-objects/email.entity.go:55.2,55.21 1 0
github.com/IsaqueAmorim/noteflow/internal/domain/user/value-objects/email.entity.go:58.28,60.2 1 0
github.com/IsaqueAmorim/noteflow/internal/domain/user/value-objects/email.entity.go:62.34,64.2 1 0
github.com/IsaqueAmorim/noteflow/internal/domain/user/value-objects/email.entity.go:66.32,68.2 1 0
github.com/IsaqueAmorim/noteflow/internal/domain/user/value-objects/email.entity.go:70.35,72.2 1 0
github.com/IsaqueAmorim/noteflow/internal/domain/user/value-objects/password.go:16.76,19.30 2 1
github.com/IsaqueAmorim/noteflow/internal/domain/user/value-objects/password.go:19.30,21.3 1 1
github.com/IsaqueAmorim/noteflow/internal/domain/user/value-objects/password.go:23.2,24.16 2 1
github.com/IsaqueAmorim/noteflow/internal/domain/user/value-objects/password.go:24.16,26.3 1 0
github.com/IsaqueAmorim/noteflow/internal/domain/user/value-objects/password.go:28.2,31.17 1 1
github.com/IsaqueAmorim/noteflow/internal/domain/user/value-objects/password.go:34.52,38.32 2 1
github.com/IsaqueAmorim/noteflow/internal/domain/user/value-objects/password.go:38.32,41.3 2 0
github.com/IsaqueAmorim/noteflow/internal/domain/user/value-objects/password.go:42.2,42.16 1 1
github.com/IsaqueAmorim/noteflow/internal/domain/user/value-objects/password.go:42.16,44.3 1 1
github.com/IsaqueAmorim/noteflow/internal/domain/user/value-objects/password.go:45.2,45.59 1 1
github.com/IsaqueAmorim/noteflow/internal/domain/user/value-objects/password.go:45.59,47.3 1 1
github.com/IsaqueAmorim/noteflow/internal/domain/user/value-objects/password.go:48.2,48.59 1 1
github.com/IsaqueAmorim/noteflow/internal/domain/user/value-objects/password.go:48.59,50.3 1 1
github.com/IsaqueAmorim/noteflow/internal/domain/user/value-objects/password.go:51.2,51.43 1 1
github.com/IsaqueAmorim/noteflow/internal/domain/user/value-objects/password.go:51.43,53.3 1 1
github.com/IsaqueAmorim/noteflow/internal/domain/user/value-objects/password.go:54.2,54.65 1 1
github.com/IsaqueAmorim/noteflow/internal/domain/user/value-objects/password.go:54.65,56.3 1 1
github.com/IsaqueAmorim/noteflow/internal/domain/user/value-objects/password.go:58.2,58.21 1 1
github.com/IsaqueAmorim/noteflow/internal/domain/user/value-objects/password.go:61.48,64.2 2 1
github.com/IsaqueAmorim/noteflow/internal/domain/user/value-objects/password.go:66.33,68.2 1 1
github.com/IsaqueAmorim/noteflow/internal/domain/user/value-objects/password.go:70.33,72.2 1 1
github.com/IsaqueAmorim/noteflow/internal/domain/user/value-objects/password.go:74.34,76.2 1 1
github.com/IsaqueAmorim/noteflow/internal/domain/user/entity/user.go:33.101,52.2 4 1
github.com/IsaqueAmorim/noteflow/internal/domain/user/entity/user.go:54.54,57.41 2 1
github.com/IsaqueAmorim/noteflow/internal/domain/user/entity/user.go:57.41,59.3 1 1
github.com/IsaqueAmorim/noteflow/internal/domain/user/entity/user.go:65.2,65.48 1 1
github.com/IsaqueAmorim/noteflow/internal/domain/user/entity/user.go:65.48,67.3 1 0
github.com/IsaqueAmorim/noteflow/internal/domain/user/entity/user.go:69.2,69.39 1 1
github.com/IsaqueAmorim/noteflow/internal/domain/user/entity/user.go:69.39,71.3 1 1
github.com/IsaqueAmorim/noteflow/internal/domain/user/entity/user.go:73.2,73.25 1 1
github.com/IsaqueAmorim/noteflow/internal/domain/user/entity/user.go:73.25,75.3 1 0
github.com/IsaqueAmorim/noteflow/internal/domain/user/entity/user.go:77.2,77.26 1 1
github.com/IsaqueAmorim/noteflow/internal/domain/user/entity/user.go:77.26,79.3 1 0
github.com/IsaqueAmorim/noteflow/internal/domain/user/entity/user.go:81.2,81.29 1 1
github.com/IsaqueAmorim/noteflow/internal/domain/user/entity/user.go:81.29,83.3 1 0
github.com/IsaqueAmorim/noteflow/internal/domain/user/entity/user.go:85.2,85.21 1 1
github.com/IsaqueAmorim/noteflow/internal/domain/user/entity/user.go:88.28,90.2 1 0
github.com/IsaqueAmorim/noteflow/internal/domain/user/entity/user.go:92.34,94.2 1 1
github.com/IsaqueAmorim/noteflow/internal/domain/user/entity/user.go:96.44,98.2 1 1
github.com/IsaqueAmorim/noteflow/internal/domain/user/entity/user.go:100.50,102.2 1 1
github.com/IsaqueAmorim/noteflow/internal/domain/user/entity/user.go:104.38,106.2 1 1
github.com/IsaqueAmorim/noteflow/internal/domain/user/entity/user.go:108.38,110.2 1 1
github.com/IsaqueAmorim/noteflow/internal/domain/user/entity/user.go:112.28,114.2 1 1
github.com/IsaqueAmorim/noteflow/internal/domain/user/entity/user.go:116.32,118.2 1 1
github.com/IsaqueAmorim/noteflow/internal/domain/user/entity/user.go:120.37,122.2 1 1
github.com/IsaqueAmorim/noteflow/internal/domain/user/entity/user.go:124.41,126.2 1 0
github.com/IsaqueAmorim/noteflow/internal/domain/user/entity/user.go:128.27,132.2 3 1
github.com/IsaqueAmorim/noteflow/internal/domain/user/entity/user.go:134.47,140.2 3 1
github.com/IsaqueAmorim/noteflow/internal/domain/user/entity/user.go:142.75,146.30 2 1
github.com/IsaqueAmorim/noteflow/internal/domain/user/entity/user.go:146.30,148.3 1 1
github.com/IsaqueAmorim/noteflow/internal/domain/user/entity/user.go:150.2,155.21 4 1
github.com/IsaqueAmorim/noteflow/internal/domain/user/entity/user.go:158.65,162.2 3 1
github.com/IsaqueAmorim/noteflow/internal/domain/user/entity/user.go:164.75,168.2 3 1
